<?xml version="1.0" encoding="UTF-8"?>
<testsuite name="br.com.fatec.model.LibraryTest" tests="1" skipped="0" failures="0" errors="0" timestamp="2018-04-01T02:39:03" hostname="LAPTOP-018JME3C" time="0.004">
  <properties/>
  <testcase name="testSomeLibraryMethod" classname="br.com.fatec.model.LibraryTest" time="0.004"/>
  <system-out><![CDATA[]]></system-out>
  <system-err><![CDATA[]]></system-err>
</testsuite>
